Sun, 09 Jul 2017 06:07:46 GMT  ~  info  ~  Logfile created
Sun, 09 Jul 2017 06:08:43 GMT  ~  info  ~  Logfile created
Sun, 09 Jul 2017 06:09:17 GMT  ~  info  ~  Logfile created
Sun, 09 Jul 2017 06:10:17 GMT  ~  info  ~  Logfile created
Sun, 09 Jul 2017 06:11:07 GMT  ~  info  ~  Logfile created
Sun, 09 Jul 2017 06:11:56 GMT  ~  info  ~  Logfile created
Sun, 09 Jul 2017 06:11:59 GMT  ~  info  ~  Logfile created
Sun, 09 Jul 2017 06:13:42 GMT  ~  info  ~  Logfile created
Sun, 09 Jul 2017 06:13:42 GMT  ~  info  ~  Logfile created
Sun, 09 Jul 2017 06:14:07 GMT  ~  info  ~  Logfile created
Sun, 09 Jul 2017 06:14:07 GMT  ~  info  ~  Logfile created
Sun, 09 Jul 2017 06:14:32 GMT  ~  info  ~  Logfile created
Sun, 09 Jul 2017 06:14:32 GMT  ~  info  ~  Logfile created
Sun, 09 Jul 2017 06:14:53 GMT  ~  info  ~  Logfile created
Sun, 09 Jul 2017 06:14:53 GMT  ~  info  ~  Logfile created
Sun, 09 Jul 2017 06:15:25 GMT  ~  info  ~  Logfile created
Sun, 09 Jul 2017 06:15:25 GMT  ~  info  ~  Logfile created
Sun, 09 Jul 2017 06:21:50 GMT  ~  info  ~  Logfile created
Sun, 09 Jul 2017 06:21:50 GMT  ~  info  ~  Logfile created
Sun, 09 Jul 2017 06:22:16 GMT  ~  info  ~  Logfile created
Sun, 09 Jul 2017 06:22:16 GMT  ~  info  ~  Logfile created
Sun, 09 Jul 2017 06:22:36 GMT  ~  info  ~  Logfile created
Sun, 09 Jul 2017 06:22:36 GMT  ~  info  ~  Logfile created
["Sun, 09 Jul 2017 06:22:36 GMT ~ near \"(\": syntax error\n"]Sun, 09 Jul 2017 06:23:56 GMT  ~  info  ~  Logfile created
Sun, 09 Jul 2017 06:23:56 GMT  ~  info  ~  Logfile created
["Sun, 09 Jul 2017 06:23:56 GMT ~ unrecognized token: \"{\"\n"]Sun, 09 Jul 2017 06:24:30 GMT  ~  info  ~  Logfile created
Sun, 09 Jul 2017 06:24:30 GMT  ~  info  ~  Logfile created
Sun, 09 Jul 2017 06:25:01 GMT  ~  info  ~  Logfile created
Sun, 09 Jul 2017 06:25:01 GMT  ~  info  ~  Logfile created
Sun, 09 Jul 2017 06:25:23 GMT  ~  info  ~  Logfile created
Sun, 09 Jul 2017 06:25:23 GMT  ~  info  ~  Logfile created
Sun, 09 Jul 2017 06:25:37 GMT  ~  info  ~  Logfile created
Sun, 09 Jul 2017 06:25:37 GMT  ~  info  ~  Logfile created
Sun, 09 Jul 2017 06:26:19 GMT  ~  info  ~  Logfile created
Sun, 09 Jul 2017 06:26:19 GMT  ~  info  ~  Logfile created
Sun, 09 Jul 2017 06:26:34 GMT  ~  info  ~  Logfile created
Sun, 09 Jul 2017 06:26:34 GMT  ~  info  ~  Logfile created
Sun, 09 Jul 2017 06:28:51 GMT  ~  info  ~  Logfile created
Sun, 09 Jul 2017 06:28:51 GMT  ~  info  ~  Logfile created
Sun, 09 Jul 2017 06:29:00 GMT  ~  info  ~  Logfile created
Sun, 09 Jul 2017 06:29:00 GMT  ~  info  ~  Logfile created
Sun, 09 Jul 2017 06:29:54 GMT  ~  info  ~  Logfile created
Sun, 09 Jul 2017 06:29:54 GMT  ~  info  ~  Logfile created
Sun, 09 Jul 2017 06:31:07 GMT  ~  info  ~  Logfile created
Sun, 09 Jul 2017 06:31:07 GMT  ~  info  ~  Logfile created
Sun, 09 Jul 2017 06:31:59 GMT  ~  info  ~  Logfile created
Sun, 09 Jul 2017 06:31:59 GMT  ~  info  ~  Logfile created
["Sun, 09 Jul 2017 06:31:59 GMT ~ near \"(\": syntax error\n"]Sun, 09 Jul 2017 06:39:47 GMT  ~  info  ~  Logfile created
Sun, 09 Jul 2017 06:39:47 GMT  ~  info  ~  Logfile created
Sun, 09 Jul 2017 06:41:42 GMT  ~  info  ~  Logfile created
Sun, 09 Jul 2017 06:41:42 GMT  ~  info  ~  Logfile created
Sun, 09 Jul 2017 06:45:20 GMT  ~  info  ~  Logfile created
Sun, 09 Jul 2017 06:45:20 GMT  ~  info  ~  Logfile created
["Sun, 09 Jul 2017 06:45:20 GMT ~ near \"(\": syntax error\n"]Sun, 09 Jul 2017 06:46:34 GMT  ~  info  ~  Logfile created
Sun, 09 Jul 2017 06:46:34 GMT  ~  info  ~  Logfile created
["Sun, 09 Jul 2017 06:46:34 GMT ~ near \"(\": syntax error\n"]Sun, 09 Jul 2017 06:46:57 GMT  ~  info  ~  Logfile created
Sun, 09 Jul 2017 06:46:57 GMT  ~  info  ~  Logfile created
["Sun, 09 Jul 2017 06:46:57 GMT ~ near \"(\": syntax error\n"]Sun, 09 Jul 2017 06:47:11 GMT  ~  info  ~  Logfile created
Sun, 09 Jul 2017 06:47:11 GMT  ~  info  ~  Logfile created
["Sun, 09 Jul 2017 06:47:11 GMT ~ near \"(\": syntax error\n"]Sun, 09 Jul 2017 06:47:19 GMT  ~  info  ~  Logfile created
Sun, 09 Jul 2017 06:47:19 GMT  ~  info  ~  Logfile created
["Sun, 09 Jul 2017 06:47:19 GMT ~ near \"(\": syntax error\n"]Sun, 09 Jul 2017 06:47:29 GMT  ~  info  ~  Logfile created
Sun, 09 Jul 2017 06:47:29 GMT  ~  info  ~  Logfile created
["Sun, 09 Jul 2017 06:47:29 GMT ~ near \"(\": syntax error\n"]Sun, 09 Jul 2017 06:47:42 GMT  ~  info  ~  Logfile created
Sun, 09 Jul 2017 06:47:42 GMT  ~  info  ~  Logfile created
["Sun, 09 Jul 2017 06:47:42 GMT ~ near \"(\": syntax error\n"]Sun, 09 Jul 2017 06:48:14 GMT  ~  info  ~  Logfile created
Sun, 09 Jul 2017 06:48:14 GMT  ~  info  ~  Logfile created
["Sun, 09 Jul 2017 06:48:14 GMT ~ near \"(\": syntax error\n"]Sun, 09 Jul 2017 06:48:40 GMT  ~  info  ~  Logfile created
Sun, 09 Jul 2017 06:48:40 GMT  ~  info  ~  Logfile created
["Sun, 09 Jul 2017 06:48:40 GMT ~ near \"(\": syntax error\n"]Sun, 09 Jul 2017 06:51:46 GMT  ~  info  ~  Logfile created
Sun, 09 Jul 2017 06:51:46 GMT  ~  info  ~  Logfile created
["Sun, 09 Jul 2017 06:51:46 GMT ~ near \"(\": syntax error\n"]Sun, 09 Jul 2017 06:52:21 GMT  ~  info  ~  Logfile created
Sun, 09 Jul 2017 06:52:21 GMT  ~  info  ~  Logfile created
["Sun, 09 Jul 2017 06:52:21 GMT ~ near \"(\": syntax error\n"]Sun, 09 Jul 2017 06:54:53 GMT  ~  info  ~  Logfile created
Sun, 09 Jul 2017 06:54:53 GMT  ~  info  ~  Logfile created
["Sun, 09 Jul 2017 06:54:53 GMT ~ near \"(\": syntax error\n"]Sun, 09 Jul 2017 06:55:20 GMT  ~  info  ~  Logfile created
Sun, 09 Jul 2017 06:55:20 GMT  ~  info  ~  Logfile created
Sun, 09 Jul 2017 06:56:04 GMT  ~  info  ~  Logfile created
Sun, 09 Jul 2017 06:56:04 GMT  ~  info  ~  Logfile created
Sun, 09 Jul 2017 06:57:16 GMT  ~  info  ~  Logfile created
Sun, 09 Jul 2017 06:57:16 GMT  ~  info  ~  Logfile created
Sun, 09 Jul 2017 06:58:47 GMT  ~  info  ~  Logfile created
Sun, 09 Jul 2017 06:58:47 GMT  ~  info  ~  Logfile created
Sun, 09 Jul 2017 06:59:48 GMT  ~  info  ~  Logfile created
Sun, 09 Jul 2017 06:59:48 GMT  ~  info  ~  Logfile created
Sun, 09 Jul 2017 07:00:18 GMT  ~  info  ~  Logfile created
Sun, 09 Jul 2017 07:00:18 GMT  ~  info  ~  Logfile created
Sun, 09 Jul 2017 07:07:27 GMT  ~  info  ~  Logfile created
Sun, 09 Jul 2017 07:07:27 GMT  ~  info  ~  Logfile created
Sun, 09 Jul 2017 07:07:42 GMT  ~  info  ~  Logfile created
Sun, 09 Jul 2017 07:07:42 GMT  ~  info  ~  Logfile created
Sun, 09 Jul 2017 07:08:22 GMT  ~  info  ~  Logfile created
Sun, 09 Jul 2017 07:08:22 GMT  ~  info  ~  Logfile created
Sun, 09 Jul 2017 07:09:53 GMT  ~  info  ~  Logfile created
Sun, 09 Jul 2017 07:09:53 GMT  ~  info  ~  Logfile created
Sun, 09 Jul 2017 07:10:33 GMT  ~  info  ~  Logfile created
Sun, 09 Jul 2017 07:10:33 GMT  ~  info  ~  Logfile created
["Sun, 09 Jul 2017 07:10:34 GMT ~ ERROR:  syntax error at or near \")\"\nLINE 1: INSERT INTO \"authors\" (\"name\") VALUES (?)\n                                                ^\n"]Sun, 09 Jul 2017 07:11:23 GMT  ~  info  ~  Logfile created
Sun, 09 Jul 2017 07:11:23 GMT  ~  info  ~  Logfile created
Sun, 09 Jul 2017 07:12:10 GMT  ~  info  ~  Logfile created
Sun, 09 Jul 2017 07:12:10 GMT  ~  info  ~  Logfile created
Sun, 09 Jul 2017 07:12:29 GMT  ~  info  ~  Logfile created
Sun, 09 Jul 2017 07:12:29 GMT  ~  info  ~  Logfile created
Sun, 09 Jul 2017 07:14:56 GMT  ~  info  ~  Logfile created
Sun, 09 Jul 2017 07:14:56 GMT  ~  info  ~  Logfile created
Sun, 09 Jul 2017 07:17:03 GMT  ~  info  ~  Logfile created
Sun, 09 Jul 2017 07:17:03 GMT  ~  info  ~  Logfile created
Sun, 09 Jul 2017 07:19:12 GMT  ~  info  ~  Logfile created
Sun, 09 Jul 2017 07:19:12 GMT  ~  info  ~  Logfile created
["Sun, 09 Jul 2017 07:19:13 GMT ~ no implicit conversion of LazyMapper::Query into String\n"]Sun, 09 Jul 2017 07:23:07 GMT  ~  info  ~  Logfile created
Sun, 09 Jul 2017 07:23:07 GMT  ~  info  ~  Logfile created
["Sun, 09 Jul 2017 07:23:07 GMT ~ undefined method `create_command' for #<SQLite3::Database:0x00000001a06120>\nDid you mean?  create_function\n"]Sun, 09 Jul 2017 07:24:24 GMT  ~  info  ~  Logfile created
Sun, 09 Jul 2017 07:24:24 GMT  ~  info  ~  Logfile created
["Sun, 09 Jul 2017 07:24:25 GMT ~ undefined local variable or method `command' for #<LazyMapper::Adapters::Sqlite3Adapter:0x00000002139d48>\n"]Sun, 09 Jul 2017 07:25:11 GMT  ~  info  ~  Logfile created
Sun, 09 Jul 2017 07:25:11 GMT  ~  info  ~  Logfile created
["Sun, 09 Jul 2017 07:25:11 GMT ~ undefined method `create_command' for #<SQLite3::Database:0x000000012b8c88>\nDid you mean?  create_function\n"]Sun, 09 Jul 2017 07:25:38 GMT  ~  info  ~  Logfile created
Sun, 09 Jul 2017 07:25:38 GMT  ~  info  ~  Logfile created
["Sun, 09 Jul 2017 07:25:38 GMT ~ undefined method `create_command' for #<SQLite3::Database:0x00000001f68de8>\nDid you mean?  create_function\n"]Sun, 09 Jul 2017 07:25:53 GMT  ~  info  ~  Logfile created
Sun, 09 Jul 2017 07:25:53 GMT  ~  info  ~  Logfile created
["Sun, 09 Jul 2017 07:25:53 GMT ~ undefined method `create_command' for #<SQLite3::Database:0x00000001649460>\nDid you mean?  create_function\n"]Sun, 09 Jul 2017 07:26:38 GMT  ~  info  ~  Logfile created
Sun, 09 Jul 2017 07:26:38 GMT  ~  info  ~  Logfile created
Sun, 09 Jul 2017 07:26:53 GMT  ~  info  ~  Logfile created
Sun, 09 Jul 2017 07:26:53 GMT  ~  info  ~  Logfile created
Sun, 09 Jul 2017 07:27:18 GMT  ~  info  ~  Logfile created
Sun, 09 Jul 2017 07:27:18 GMT  ~  info  ~  Logfile created
Sun, 09 Jul 2017 07:41:22 GMT  ~  info  ~  Logfile created
Sun, 09 Jul 2017 07:41:22 GMT  ~  info  ~  Logfile created
Sun, 09 Jul 2017 07:42:26 GMT  ~  info  ~  Logfile created
Sun, 09 Jul 2017 07:42:26 GMT  ~  info  ~  Logfile created
Sun, 09 Jul 2017 07:42:49 GMT  ~  info  ~  Logfile created
Sun, 09 Jul 2017 07:42:49 GMT  ~  info  ~  Logfile created
["Sun, 09 Jul 2017 07:42:49 GMT ~ no implicit conversion of Array into String\n"]Sun, 09 Jul 2017 07:43:07 GMT  ~  info  ~  Logfile created
Sun, 09 Jul 2017 07:43:07 GMT  ~  info  ~  Logfile created
Sun, 09 Jul 2017 07:43:26 GMT  ~  info  ~  Logfile created
Sun, 09 Jul 2017 07:43:26 GMT  ~  info  ~  Logfile created
Sun, 09 Jul 2017 07:44:11 GMT  ~  info  ~  Logfile created
Sun, 09 Jul 2017 07:44:11 GMT  ~  info  ~  Logfile created
Sun, 09 Jul 2017 07:44:59 GMT  ~  info  ~  Logfile created
Sun, 09 Jul 2017 07:44:59 GMT  ~  info  ~  Logfile created
Sun, 09 Jul 2017 07:46:07 GMT  ~  info  ~  Logfile created
Sun, 09 Jul 2017 07:46:07 GMT  ~  info  ~  Logfile created
Sun, 09 Jul 2017 07:46:55 GMT  ~  info  ~  Logfile created
Sun, 09 Jul 2017 07:46:55 GMT  ~  info  ~  Logfile created
Sun, 09 Jul 2017 07:48:38 GMT  ~  info  ~  Logfile created
Sun, 09 Jul 2017 07:48:38 GMT  ~  info  ~  Logfile created
Sun, 09 Jul 2017 07:49:30 GMT  ~  info  ~  Logfile created
Sun, 09 Jul 2017 07:49:30 GMT  ~  info  ~  Logfile created
Sun, 09 Jul 2017 07:49:46 GMT  ~  info  ~  Logfile created
Sun, 09 Jul 2017 07:49:46 GMT  ~  info  ~  Logfile created
Sun, 09 Jul 2017 07:50:11 GMT  ~  info  ~  Logfile created
Sun, 09 Jul 2017 07:50:11 GMT  ~  info  ~  Logfile created
Sun, 09 Jul 2017 07:50:23 GMT  ~  info  ~  Logfile created
Sun, 09 Jul 2017 07:50:23 GMT  ~  info  ~  Logfile created
Sun, 09 Jul 2017 07:57:06 GMT  ~  info  ~  Logfile created
Sun, 09 Jul 2017 07:57:06 GMT  ~  info  ~  Logfile created
Sun, 09 Jul 2017 07:59:03 GMT  ~  info  ~  Logfile created
Sun, 09 Jul 2017 07:59:03 GMT  ~  info  ~  Logfile created
Sun, 09 Jul 2017 07:59:28 GMT  ~  info  ~  Logfile created
Sun, 09 Jul 2017 07:59:28 GMT  ~  info  ~  Logfile created
Sun, 09 Jul 2017 07:59:54 GMT  ~  info  ~  Logfile created
Sun, 09 Jul 2017 07:59:54 GMT  ~  info  ~  Logfile created
Sun, 09 Jul 2017 08:00:54 GMT  ~  info  ~  Logfile created
Sun, 09 Jul 2017 08:00:54 GMT  ~  info  ~  Logfile created
Sun, 09 Jul 2017 08:01:25 GMT  ~  info  ~  Logfile created
Sun, 09 Jul 2017 08:01:25 GMT  ~  info  ~  Logfile created
Sun, 09 Jul 2017 08:02:17 GMT  ~  info  ~  Logfile created
Sun, 09 Jul 2017 08:02:17 GMT  ~  info  ~  Logfile created
Sun, 09 Jul 2017 08:02:34 GMT  ~  info  ~  Logfile created
Sun, 09 Jul 2017 08:02:34 GMT  ~  info  ~  Logfile created
Sun, 09 Jul 2017 08:02:58 GMT  ~  info  ~  Logfile created
Sun, 09 Jul 2017 08:02:58 GMT  ~  info  ~  Logfile created
Sun, 09 Jul 2017 08:04:28 GMT  ~  info  ~  Logfile created
Sun, 09 Jul 2017 08:04:28 GMT  ~  info  ~  Logfile created
Sun, 09 Jul 2017 08:05:36 GMT  ~  info  ~  Logfile created
Sun, 09 Jul 2017 08:05:36 GMT  ~  info  ~  Logfile created
Sun, 09 Jul 2017 08:07:18 GMT  ~  info  ~  Logfile created
Sun, 09 Jul 2017 08:07:18 GMT  ~  info  ~  Logfile created
Sun, 09 Jul 2017 08:08:34 GMT  ~  info  ~  Logfile created
Sun, 09 Jul 2017 08:08:34 GMT  ~  info  ~  Logfile created
["Sun, 09 Jul 2017 08:08:35 GMT ~ table articles has no column named author_name\n"]Sun, 09 Jul 2017 08:11:00 GMT  ~  info  ~  Logfile created
Sun, 09 Jul 2017 08:11:00 GMT  ~  info  ~  Logfile created
Sun, 09 Jul 2017 08:11:23 GMT  ~  info  ~  Logfile created
Sun, 09 Jul 2017 08:11:23 GMT  ~  info  ~  Logfile created
Sun, 09 Jul 2017 08:11:39 GMT  ~  info  ~  Logfile created
Sun, 09 Jul 2017 08:11:39 GMT  ~  info  ~  Logfile created
Sun, 09 Jul 2017 08:11:52 GMT  ~  info  ~  Logfile created
Sun, 09 Jul 2017 08:11:52 GMT  ~  info  ~  Logfile created
Sun, 09 Jul 2017 08:12:05 GMT  ~  info  ~  Logfile created
Sun, 09 Jul 2017 08:12:05 GMT  ~  info  ~  Logfile created
Sun, 09 Jul 2017 08:12:54 GMT  ~  info  ~  Logfile created
Sun, 09 Jul 2017 08:12:54 GMT  ~  info  ~  Logfile created
Sun, 09 Jul 2017 08:14:29 GMT  ~  info  ~  Logfile created
Sun, 09 Jul 2017 08:14:29 GMT  ~  info  ~  Logfile created
Sun, 09 Jul 2017 08:15:18 GMT  ~  info  ~  Logfile created
Sun, 09 Jul 2017 08:15:18 GMT  ~  info  ~  Logfile created
Sun, 09 Jul 2017 08:15:55 GMT  ~  info  ~  Logfile created
Sun, 09 Jul 2017 08:15:55 GMT  ~  info  ~  Logfile created
Sun, 09 Jul 2017 08:16:08 GMT  ~  info  ~  Logfile created
Sun, 09 Jul 2017 08:16:08 GMT  ~  info  ~  Logfile created
Sun, 09 Jul 2017 08:25:46 GMT  ~  info  ~  Logfile created
Sun, 09 Jul 2017 08:25:46 GMT  ~  info  ~  Logfile created
Sun, 09 Jul 2017 08:29:05 GMT  ~  info  ~  Logfile created
Sun, 09 Jul 2017 08:29:05 GMT  ~  info  ~  Logfile created
Sun, 09 Jul 2017 08:29:18 GMT  ~  info  ~  Logfile created
Sun, 09 Jul 2017 08:29:18 GMT  ~  info  ~  Logfile created
Sun, 09 Jul 2017 08:29:40 GMT  ~  info  ~  Logfile created
Sun, 09 Jul 2017 08:29:40 GMT  ~  info  ~  Logfile created
Sun, 09 Jul 2017 08:30:34 GMT  ~  info  ~  Logfile created
Sun, 09 Jul 2017 08:30:34 GMT  ~  info  ~  Logfile created
Sun, 09 Jul 2017 09:27:13 GMT  ~  info  ~  Logfile created
Sun, 09 Jul 2017 09:27:13 GMT  ~  info  ~  Logfile created
Sun, 09 Jul 2017 09:31:08 GMT  ~  info  ~  Logfile created
Sun, 09 Jul 2017 09:31:08 GMT  ~  info  ~  Logfile created
Sun, 09 Jul 2017 09:32:56 GMT  ~  info  ~  Logfile created
Sun, 09 Jul 2017 09:32:56 GMT  ~  info  ~  Logfile created
Sun, 09 Jul 2017 09:33:29 GMT  ~  info  ~  Logfile created
Sun, 09 Jul 2017 09:33:29 GMT  ~  info  ~  Logfile created
["Sun, 09 Jul 2017 09:33:30 GMT ~ near \"2\": syntax error\n"]["Sun, 09 Jul 2017 09:33:30 GMT ~ near \"2\": syntax error\n"]Sun, 09 Jul 2017 09:34:11 GMT  ~  info  ~  Logfile created
Sun, 09 Jul 2017 09:34:11 GMT  ~  info  ~  Logfile created
